{"numFailedTestSuites":0,"numFailedTests":0,"numPassedTestSuites":9,"numPassedTests":28,"numPendingTestSuites":0,"numPendingTests":1,"numRuntimeErrorTestSuites":0,"numTodoTests":10,"numTotalTestSuites":9,"numTotalTests":39,"openHandles":[],"snapshot":{"added":0,"didUpdate":false,"failure":false,"filesAdded":0,"filesRemoved":0,"filesRemovedList":[],"filesUnmatched":0,"filesUpdated":0,"matched":0,"total":0,"unchecked":0,"uncheckedKeysByFile":[],"unmatched":0,"updated":0},"startTime":1574122995814,"success":true,"testResults":[{"assertionResults":[{"ancestorTitles":["<Button />"],"failureMessages":[],"fullName":"<Button /> renders without crashing","location":null,"status":"passed","title":"renders without crashing"},{"ancestorTitles":["<Button />"],"failureMessages":[],"fullName":"<Button /> should render a label","location":null,"status":"passed","title":"should render a label"},{"ancestorTitles":["<Button />"],"failureMessages":[],"fullName":"<Button /> should render an icon based on props","location":null,"status":"passed","title":"should render an icon based on props"},{"ancestorTitles":["<Button />"],"failureMessages":[],"fullName":"<Button /> should call an onClick handler if passed in as a prop","location":null,"status":"passed","title":"should call an onClick handler if passed in as a prop"},{"ancestorTitles":["<Button />"],"failureMessages":[],"fullName":"<Button /> should not call the function if the button is disabled","location":null,"status":"passed","title":"should not call the function if the button is disabled"},{"ancestorTitles":["<Button />"],"failureMessages":[],"fullName":"<Button /> Changes styling via bsStyle prop","location":null,"status":"todo","title":"Changes styling via bsStyle prop"},{"ancestorTitles":["<Button />"],"failureMessages":[],"fullName":"<Button /> should be an anchor element if href is present","location":null,"status":"todo","title":"should be an anchor element if href is present"},{"ancestorTitles":["<Button />"],"failureMessages":[],"fullName":"<Button /> should navigate to href upon click","location":null,"status":"todo","title":"should navigate to href upon click"}],"endTime":1574123001366,"message":"","name":"/Users/josephgordy/Projects/generosity_market/stalls-ui/src/components/common/tests/Button.spec.js","startTime":1574122998100,"status":"passed","summary":""},{"assertionResults":[{"ancestorTitles":["<Tile />"],"failureMessages":[],"fullName":"<Tile /> renders without crashing","location":null,"status":"passed","title":"renders without crashing"},{"ancestorTitles":["<Tile />"],"failureMessages":[],"fullName":"<Tile /> should render a label","location":null,"status":"passed","title":"should render a label"},{"ancestorTitles":["<Tile />"],"failureMessages":[],"fullName":"<Tile /> should render an icon based on props","location":null,"status":"passed","title":"should render an icon based on props"},{"ancestorTitles":["<Tile />"],"failureMessages":[],"fullName":"<Tile /> should call an onClick handler if passed in as a prop","location":null,"status":"passed","title":"should call an onClick handler if passed in as a prop"},{"ancestorTitles":["<Tile />"],"failureMessages":[],"fullName":"<Tile /> should not call the function if the button is disabled","location":null,"status":"passed","title":"should not call the function if the button is disabled"},{"ancestorTitles":["<Tile />"],"failureMessages":[],"fullName":"<Tile /> Changes styling via bsStyle prop","location":null,"status":"todo","title":"Changes styling via bsStyle prop"}],"endTime":1574123001351,"message":"","name":"/Users/josephgordy/Projects/generosity_market/stalls-ui/src/components/common/tests/Tile.spec.js","startTime":1574122998175,"status":"passed","summary":""},{"assertionResults":[{"ancestorTitles":["<HeroSection />"],"failureMessages":[],"fullName":"<HeroSection /> renders without crashing","location":null,"status":"passed","title":"renders without crashing"},{"ancestorTitles":["<HeroSection />"],"failureMessages":[],"fullName":"<HeroSection /> renders hero image","location":null,"status":"passed","title":"renders hero image"},{"ancestorTitles":["<HeroSection />"],"failureMessages":[],"fullName":"<HeroSection /> renders profile image","location":null,"status":"passed","title":"renders profile image"},{"ancestorTitles":["<HeroSection />"],"failureMessages":[],"fullName":"<HeroSection /> renders children inside hero","location":null,"status":"pending","title":"renders children inside hero"}],"endTime":1574123001627,"message":"","name":"/Users/josephgordy/Projects/generosity_market/stalls-ui/src/components/common/tests/HeroSection.spec.js","startTime":1574122998084,"status":"passed","summary":""},{"assertionResults":[{"ancestorTitles":["<DownloadCSV />"],"failureMessages":[],"fullName":"<DownloadCSV /> should exist","location":null,"status":"passed","title":"should exist"},{"ancestorTitles":["<DownloadCSV />"],"failureMessages":[],"fullName":"<DownloadCSV /> should have text","location":null,"status":"passed","title":"should have text"}],"endTime":1574123002312,"message":"","name":"/Users/josephgordy/Projects/generosity_market/stalls-ui/src/components/common/tests/DownloadCSV.spec.js","startTime":1574123001466,"status":"passed","summary":""},{"assertionResults":[{"ancestorTitles":["<Hero />"],"failureMessages":[],"fullName":"<Hero /> renders without crashing","location":null,"status":"passed","title":"renders without crashing"},{"ancestorTitles":["<Hero />"],"failureMessages":[],"fullName":"<Hero /> renders hero image","location":null,"status":"passed","title":"renders hero image"},{"ancestorTitles":["<Hero />"],"failureMessages":[],"fullName":"<Hero /> should have a colored overlay","location":null,"status":"passed","title":"should have a colored overlay"},{"ancestorTitles":["<Hero />"],"failureMessages":[],"fullName":"<Hero /> renders children inside hero","location":null,"status":"passed","title":"renders children inside hero"}],"endTime":1574123002408,"message":"","name":"/Users/josephgordy/Projects/generosity_market/stalls-ui/src/components/common/tests/Hero.spec.js","startTime":1574123001471,"status":"passed","summary":""},{"assertionResults":[{"ancestorTitles":["<Pill />"],"failureMessages":[],"fullName":"<Pill /> renders without crashing","location":null,"status":"passed","title":"renders without crashing"},{"ancestorTitles":["<Pill />"],"failureMessages":[],"fullName":"<Pill /> should render a label","location":null,"status":"passed","title":"should render a label"},{"ancestorTitles":["<Pill />"],"failureMessages":[],"fullName":"<Pill /> should render an icon based on props","location":null,"status":"passed","title":"should render an icon based on props"},{"ancestorTitles":["<Pill />"],"failureMessages":[],"fullName":"<Pill /> should call an onClick handler if passed in as a prop","location":null,"status":"passed","title":"should call an onClick handler if passed in as a prop"},{"ancestorTitles":["<Pill />"],"failureMessages":[],"fullName":"<Pill /> Changes styling via bsStyle prop","location":null,"status":"todo","title":"Changes styling via bsStyle prop"}],"endTime":1574123002538,"message":"","name":"/Users/josephgordy/Projects/generosity_market/stalls-ui/src/components/common/tests/Pill.spec.js","startTime":1574123001707,"status":"passed","summary":""},{"assertionResults":[{"ancestorTitles":["<ProgressCircle />"],"failureMessages":[],"fullName":"<ProgressCircle /> renders without crashing","location":null,"status":"passed","title":"renders without crashing"}],"endTime":1574123003259,"message":"","name":"/Users/josephgordy/Projects/generosity_market/stalls-ui/src/components/common/tests/ProgressCircle.spec.js","startTime":1574123002332,"status":"passed","summary":""},{"assertionResults":[{"ancestorTitles":["<MiniButton />"],"failureMessages":[],"fullName":"<MiniButton /> renders without crashing","location":null,"status":"passed","title":"renders without crashing"},{"ancestorTitles":["<MiniButton />"],"failureMessages":[],"fullName":"<MiniButton /> calls an onClick handler if passed in as a prop","location":null,"status":"passed","title":"calls an onClick handler if passed in as a prop"},{"ancestorTitles":["<MiniButton />"],"failureMessages":[],"fullName":"<MiniButton /> does not call the function if the button is disabled","location":null,"status":"passed","title":"does not call the function if the button is disabled"},{"ancestorTitles":["<MiniButton />"],"failureMessages":[],"fullName":"<MiniButton /> Changes styling via bsStyle prop","location":null,"status":"todo","title":"Changes styling via bsStyle prop"},{"ancestorTitles":["<MiniButton />"],"failureMessages":[],"fullName":"<MiniButton /> Renders an icon based on props","location":null,"status":"todo","title":"Renders an icon based on props"}],"endTime":1574123003261,"message":"","name":"/Users/josephgordy/Projects/generosity_market/stalls-ui/src/components/common/tests/MiniButton.spec.js","startTime":1574123002551,"status":"passed","summary":""},{"assertionResults":[{"ancestorTitles":["<ProgressBar />"],"failureMessages":[],"fullName":"<ProgressBar /> renders without crashing","location":null,"status":"passed","title":"renders without crashing"},{"ancestorTitles":["<ProgressBar />"],"failureMessages":[],"fullName":"<ProgressBar /> should render a fill bar","location":null,"status":"todo","title":"should render a fill bar"},{"ancestorTitles":["<ProgressBar />"],"failureMessages":[],"fullName":"<ProgressBar /> should render a label","location":null,"status":"todo","title":"should render a label"},{"ancestorTitles":["<ProgressBar />"],"failureMessages":[],"fullName":"<ProgressBar /> should calculate the percentage for the fill bar","location":null,"status":"todo","title":"should calculate the percentage for the fill bar"}],"endTime":1574123003274,"message":"","name":"/Users/josephgordy/Projects/generosity_market/stalls-ui/src/components/common/tests/ProgressBar.spec.js","startTime":1574123002458,"status":"passed","summary":""}],"wasInterrupted":false}