{"numFailedTestSuites":0,"numFailedTests":0,"numPassedTestSuites":17,"numPassedTests":54,"numPendingTestSuites":0,"numPendingTests":1,"numRuntimeErrorTestSuites":0,"numTodoTests":19,"numTotalTestSuites":17,"numTotalTests":74,"openHandles":[],"snapshot":{"added":0,"didUpdate":false,"failure":false,"filesAdded":0,"filesRemoved":0,"filesRemovedList":[],"filesUnmatched":0,"filesUpdated":0,"matched":0,"total":0,"unchecked":0,"uncheckedKeysByFile":[],"unmatched":0,"updated":0},"startTime":1576122186950,"success":true,"testResults":[{"assertionResults":[{"ancestorTitles":["<ProgressCircle />","Standard component tests"],"failureMessages":[],"fullName":"<ProgressCircle /> Standard component tests should exist","location":null,"status":"passed","title":"should exist"},{"ancestorTitles":["<ProgressCircle />","Standard component tests"],"failureMessages":[],"fullName":"<ProgressCircle /> Standard component tests should be able to receive a className","location":null,"status":"passed","title":"should be able to receive a className"},{"ancestorTitles":["<ProgressCircle />"],"failureMessages":[],"fullName":"<ProgressCircle /> write quite a few more tests here...","location":null,"status":"todo","title":"write quite a few more tests here..."}],"endTime":1576122194972,"message":"","name":"/Users/josephgordy/Projects/generosity_market/stalls-ui/src/components/common/tests/ProgressCircle.spec.js","startTime":1576122190166,"status":"passed","summary":""},{"assertionResults":[{"ancestorTitles":["<DownloadCSV />","Standard component tests"],"failureMessages":[],"fullName":"<DownloadCSV /> Standard component tests should exist","location":null,"status":"passed","title":"should exist"},{"ancestorTitles":["<DownloadCSV />","Standard component tests"],"failureMessages":[],"fullName":"<DownloadCSV /> Standard component tests should be able to receive a className","location":null,"status":"passed","title":"should be able to receive a className"},{"ancestorTitles":["<DownloadCSV />"],"failureMessages":[],"fullName":"<DownloadCSV /> should have text","location":null,"status":"passed","title":"should have text"}],"endTime":1576122195092,"message":"","name":"/Users/josephgordy/Projects/generosity_market/stalls-ui/src/components/common/tests/DownloadCSV.spec.js","startTime":1576122190277,"status":"passed","summary":""},{"assertionResults":[{"ancestorTitles":["<ModalContent />","Standard component tests"],"failureMessages":[],"fullName":"<ModalContent /> Standard component tests should exist","location":null,"status":"passed","title":"should exist"},{"ancestorTitles":["<ModalContent />","Standard component tests"],"failureMessages":[],"fullName":"<ModalContent /> Standard component tests should be able to receive a className","location":null,"status":"passed","title":"should be able to receive a className"},{"ancestorTitles":["<ModalContent />"],"failureMessages":[],"fullName":"<ModalContent /> write quite a few more tests here...","location":null,"status":"todo","title":"write quite a few more tests here..."}],"endTime":1576122195166,"message":"","name":"/Users/josephgordy/Projects/generosity_market/stalls-ui/src/components/common/tests/ModalContent.spec.js","startTime":1576122190284,"status":"passed","summary":""},{"assertionResults":[{"ancestorTitles":["<ProfileImage />","Standard component tests"],"failureMessages":[],"fullName":"<ProfileImage /> Standard component tests should exist","location":null,"status":"passed","title":"should exist"},{"ancestorTitles":["<ProfileImage />","Standard component tests"],"failureMessages":[],"fullName":"<ProfileImage /> Standard component tests should be able to receive a className","location":null,"status":"passed","title":"should be able to receive a className"},{"ancestorTitles":["<ProfileImage />"],"failureMessages":[],"fullName":"<ProfileImage /> write quite a few more tests here...","location":null,"status":"todo","title":"write quite a few more tests here..."}],"endTime":1576122196499,"message":"","name":"/Users/josephgordy/Projects/generosity_market/stalls-ui/src/components/common/tests/ProfileImage.spec.js","startTime":1576122195197,"status":"passed","summary":""},{"assertionResults":[{"ancestorTitles":["<ImageUploader />","Standard component tests"],"failureMessages":[],"fullName":"<ImageUploader /> Standard component tests should exist","location":null,"status":"passed","title":"should exist"},{"ancestorTitles":["<ImageUploader />","Standard component tests"],"failureMessages":[],"fullName":"<ImageUploader /> Standard component tests should be able to receive a className","location":null,"status":"passed","title":"should be able to receive a className"},{"ancestorTitles":["<ImageUploader />"],"failureMessages":[],"fullName":"<ImageUploader /> write quite a few more tests here...","location":null,"status":"todo","title":"write quite a few more tests here..."}],"endTime":1576122196592,"message":"","name":"/Users/josephgordy/Projects/generosity_market/stalls-ui/src/components/common/tests/ImageUploader.spec.js","startTime":1576122195100,"status":"passed","summary":""},{"assertionResults":[{"ancestorTitles":["<HeroSection />","Standard component tests"],"failureMessages":[],"fullName":"<HeroSection /> Standard component tests should exist","location":null,"status":"passed","title":"should exist"},{"ancestorTitles":["<HeroSection />","Standard component tests"],"failureMessages":[],"fullName":"<HeroSection /> Standard component tests should be able to receive a className","location":null,"status":"passed","title":"should be able to receive a className"},{"ancestorTitles":["<HeroSection />"],"failureMessages":[],"fullName":"<HeroSection /> renders without crashing","location":null,"status":"passed","title":"renders without crashing"},{"ancestorTitles":["<HeroSection />"],"failureMessages":[],"fullName":"<HeroSection /> renders hero image","location":null,"status":"passed","title":"renders hero image"},{"ancestorTitles":["<HeroSection />"],"failureMessages":[],"fullName":"<HeroSection /> renders profile image","location":null,"status":"passed","title":"renders profile image"},{"ancestorTitles":["<HeroSection />"],"failureMessages":[],"fullName":"<HeroSection /> renders children inside hero","location":null,"status":"pending","title":"renders children inside hero"}],"endTime":1576122196645,"message":"","name":"/Users/josephgordy/Projects/generosity_market/stalls-ui/src/components/common/tests/HeroSection.spec.js","startTime":1576122195174,"status":"passed","summary":""},{"assertionResults":[{"ancestorTitles":["<FileInput />","Standard component tests"],"failureMessages":[],"fullName":"<FileInput /> Standard component tests should exist","location":null,"status":"passed","title":"should exist"},{"ancestorTitles":["<FileInput />","Standard component tests"],"failureMessages":[],"fullName":"<FileInput /> Standard component tests should be able to receive a className","location":null,"status":"passed","title":"should be able to receive a className"},{"ancestorTitles":["<FileInput />"],"failureMessages":[],"fullName":"<FileInput /> write quite a few more tests here...","location":null,"status":"todo","title":"write quite a few more tests here..."}],"endTime":1576122197762,"message":"","name":"/Users/josephgordy/Projects/generosity_market/stalls-ui/src/components/common/tests/FileInput.spec.js","startTime":1576122196533,"status":"passed","summary":""},{"assertionResults":[{"ancestorTitles":["<Button />","Standard component tests"],"failureMessages":[],"fullName":"<Button /> Standard component tests should exist","location":null,"status":"passed","title":"should exist"},{"ancestorTitles":["<Button />","Standard component tests"],"failureMessages":[],"fullName":"<Button /> Standard component tests should be able to receive a className","location":null,"status":"passed","title":"should be able to receive a className"},{"ancestorTitles":["<Button />"],"failureMessages":[],"fullName":"<Button /> should render a label","location":null,"status":"passed","title":"should render a label"},{"ancestorTitles":["<Button />"],"failureMessages":[],"fullName":"<Button /> should render an icon based on props","location":null,"status":"passed","title":"should render an icon based on props"},{"ancestorTitles":["<Button />"],"failureMessages":[],"fullName":"<Button /> should call an onClick handler if passed in as a prop","location":null,"status":"passed","title":"should call an onClick handler if passed in as a prop"},{"ancestorTitles":["<Button />"],"failureMessages":[],"fullName":"<Button /> should not call the function if the button is disabled","location":null,"status":"passed","title":"should not call the function if the button is disabled"},{"ancestorTitles":["<Button />"],"failureMessages":[],"fullName":"<Button /> Changes styling via bsStyle prop","location":null,"status":"todo","title":"Changes styling via bsStyle prop"},{"ancestorTitles":["<Button />"],"failureMessages":[],"fullName":"<Button /> should be an anchor element if href is present","location":null,"status":"todo","title":"should be an anchor element if href is present"},{"ancestorTitles":["<Button />"],"failureMessages":[],"fullName":"<Button /> should navigate to href upon click","location":null,"status":"todo","title":"should navigate to href upon click"}],"endTime":1576122197874,"message":"","name":"/Users/josephgordy/Projects/generosity_market/stalls-ui/src/components/common/tests/Button.spec.js","startTime":1576122196712,"status":"passed","summary":""},{"assertionResults":[{"ancestorTitles":["<Tile />","Standard component tests"],"failureMessages":[],"fullName":"<Tile /> Standard component tests should exist","location":null,"status":"passed","title":"should exist"},{"ancestorTitles":["<Tile />","Standard component tests"],"failureMessages":[],"fullName":"<Tile /> Standard component tests should be able to receive a className","location":null,"status":"passed","title":"should be able to receive a className"},{"ancestorTitles":["<Tile />"],"failureMessages":[],"fullName":"<Tile /> should render a label","location":null,"status":"passed","title":"should render a label"},{"ancestorTitles":["<Tile />"],"failureMessages":[],"fullName":"<Tile /> should render an icon based on props","location":null,"status":"passed","title":"should render an icon based on props"},{"ancestorTitles":["<Tile />"],"failureMessages":[],"fullName":"<Tile /> should call an onClick handler if passed in as a prop","location":null,"status":"passed","title":"should call an onClick handler if passed in as a prop"},{"ancestorTitles":["<Tile />"],"failureMessages":[],"fullName":"<Tile /> should not call the function if the button is disabled","location":null,"status":"passed","title":"should not call the function if the button is disabled"},{"ancestorTitles":["<Tile />"],"failureMessages":[],"fullName":"<Tile /> Changes styling via bsStyle prop","location":null,"status":"todo","title":"Changes styling via bsStyle prop"}],"endTime":1576122197970,"message":"","name":"/Users/josephgordy/Projects/generosity_market/stalls-ui/src/components/common/tests/Tile.spec.js","startTime":1576122196732,"status":"passed","summary":""},{"assertionResults":[{"ancestorTitles":["<Glyphicon />","Standard component tests"],"failureMessages":[],"fullName":"<Glyphicon /> Standard component tests should exist","location":null,"status":"passed","title":"should exist"},{"ancestorTitles":["<Glyphicon />","Standard component tests"],"failureMessages":[],"fullName":"<Glyphicon /> Standard component tests should be able to receive a className","location":null,"status":"passed","title":"should be able to receive a className"},{"ancestorTitles":["<Glyphicon />"],"failureMessages":[],"fullName":"<Glyphicon /> write quite a few more tests here...","location":null,"status":"todo","title":"write quite a few more tests here..."}],"endTime":1576122198966,"message":"","name":"/Users/josephgordy/Projects/generosity_market/stalls-ui/src/components/common/tests/Glyphicon.spec.js","startTime":1576122197876,"status":"passed","summary":""},{"assertionResults":[{"ancestorTitles":["<ModalTrigger />","Standard component tests"],"failureMessages":[],"fullName":"<ModalTrigger /> Standard component tests should exist","location":null,"status":"passed","title":"should exist"},{"ancestorTitles":["<ModalTrigger />","Standard component tests"],"failureMessages":[],"fullName":"<ModalTrigger /> Standard component tests should be able to receive a className","location":null,"status":"passed","title":"should be able to receive a className"},{"ancestorTitles":["<ModalTrigger />"],"failureMessages":[],"fullName":"<ModalTrigger /> write quite a few more tests here...","location":null,"status":"todo","title":"write quite a few more tests here..."}],"endTime":1576122199011,"message":"","name":"/Users/josephgordy/Projects/generosity_market/stalls-ui/src/components/common/tests/ModalTrigger.spec.js","startTime":1576122197993,"status":"passed","summary":""},{"assertionResults":[{"ancestorTitles":["<Hero />","Standard component tests"],"failureMessages":[],"fullName":"<Hero /> Standard component tests should exist","location":null,"status":"passed","title":"should exist"},{"ancestorTitles":["<Hero />","Standard component tests"],"failureMessages":[],"fullName":"<Hero /> Standard component tests should be able to receive a className","location":null,"status":"passed","title":"should be able to receive a className"},{"ancestorTitles":["<Hero />"],"failureMessages":[],"fullName":"<Hero /> renders hero image","location":null,"status":"passed","title":"renders hero image"},{"ancestorTitles":["<Hero />"],"failureMessages":[],"fullName":"<Hero /> should have a colored overlay","location":null,"status":"passed","title":"should have a colored overlay"},{"ancestorTitles":["<Hero />"],"failureMessages":[],"fullName":"<Hero /> renders children inside hero","location":null,"status":"passed","title":"renders children inside hero"}],"endTime":1576122199098,"message":"","name":"/Users/josephgordy/Projects/generosity_market/stalls-ui/src/components/common/tests/Hero.spec.js","startTime":1576122197986,"status":"passed","summary":""},{"assertionResults":[{"ancestorTitles":["<Modal />","Standard component tests"],"failureMessages":[],"fullName":"<Modal /> Standard component tests should exist","location":null,"status":"passed","title":"should exist"},{"ancestorTitles":["<Modal />","Standard component tests"],"failureMessages":[],"fullName":"<Modal /> Standard component tests should be able to receive a className","location":null,"status":"passed","title":"should be able to receive a className"},{"ancestorTitles":["<Modal />"],"failureMessages":[],"fullName":"<Modal /> write quite a few more tests here...","location":null,"status":"todo","title":"write quite a few more tests here..."}],"endTime":1576122200035,"message":"","name":"/Users/josephgordy/Projects/generosity_market/stalls-ui/src/components/common/tests/Modal.spec.js","startTime":1576122198991,"status":"passed","summary":""},{"assertionResults":[{"ancestorTitles":["<TextInput />","Standard component tests"],"failureMessages":[],"fullName":"<TextInput /> Standard component tests should exist","location":null,"status":"passed","title":"should exist"},{"ancestorTitles":["<TextInput />","Standard component tests"],"failureMessages":[],"fullName":"<TextInput /> Standard component tests should be able to receive a className","location":null,"status":"passed","title":"should be able to receive a className"},{"ancestorTitles":["<TextInput />"],"failureMessages":[],"fullName":"<TextInput /> write quite a few more tests here...","location":null,"status":"todo","title":"write quite a few more tests here..."}],"endTime":1576122200199,"message":"","name":"/Users/josephgordy/Projects/generosity_market/stalls-ui/src/components/common/tests/TextInput.spec.js","startTime":1576122199028,"status":"passed","summary":""},{"assertionResults":[{"ancestorTitles":["<ProgressBar />","Standard component tests"],"failureMessages":[],"fullName":"<ProgressBar /> Standard component tests should exist","location":null,"status":"passed","title":"should exist"},{"ancestorTitles":["<ProgressBar />","Standard component tests"],"failureMessages":[],"fullName":"<ProgressBar /> Standard component tests should be able to receive a className","location":null,"status":"passed","title":"should be able to receive a className"},{"ancestorTitles":["<ProgressBar />"],"failureMessages":[],"fullName":"<ProgressBar /> should render a fill bar","location":null,"status":"todo","title":"should render a fill bar"},{"ancestorTitles":["<ProgressBar />"],"failureMessages":[],"fullName":"<ProgressBar /> should render a label","location":null,"status":"todo","title":"should render a label"},{"ancestorTitles":["<ProgressBar />"],"failureMessages":[],"fullName":"<ProgressBar /> should calculate the percentage for the fill bar","location":null,"status":"todo","title":"should calculate the percentage for the fill bar"}],"endTime":1576122200265,"message":"","name":"/Users/josephgordy/Projects/generosity_market/stalls-ui/src/components/common/tests/ProgressBar.spec.js","startTime":1576122199181,"status":"passed","summary":""},{"assertionResults":[{"ancestorTitles":["<Pill />","Standard component tests"],"failureMessages":[],"fullName":"<Pill /> Standard component tests should exist","location":null,"status":"passed","title":"should exist"},{"ancestorTitles":["<Pill />","Standard component tests"],"failureMessages":[],"fullName":"<Pill /> Standard component tests should be able to receive a className","location":null,"status":"passed","title":"should be able to receive a className"},{"ancestorTitles":["<Pill />"],"failureMessages":[],"fullName":"<Pill /> should render a label","location":null,"status":"passed","title":"should render a label"},{"ancestorTitles":["<Pill />"],"failureMessages":[],"fullName":"<Pill /> should render an icon based on props","location":null,"status":"passed","title":"should render an icon based on props"},{"ancestorTitles":["<Pill />"],"failureMessages":[],"fullName":"<Pill /> should call an onClick handler if passed in as a prop","location":null,"status":"passed","title":"should call an onClick handler if passed in as a prop"},{"ancestorTitles":["<Pill />"],"failureMessages":[],"fullName":"<Pill /> Changes styling via bsStyle prop","location":null,"status":"todo","title":"Changes styling via bsStyle prop"}],"endTime":1576122200778,"message":"","name":"/Users/josephgordy/Projects/generosity_market/stalls-ui/src/components/common/tests/Pill.spec.js","startTime":1576122200231,"status":"passed","summary":""},{"assertionResults":[{"ancestorTitles":["<MiniButton />","Standard component tests"],"failureMessages":[],"fullName":"<MiniButton /> Standard component tests should exist","location":null,"status":"passed","title":"should exist"},{"ancestorTitles":["<MiniButton />","Standard component tests"],"failureMessages":[],"fullName":"<MiniButton /> Standard component tests should be able to receive a className","location":null,"status":"passed","title":"should be able to receive a className"},{"ancestorTitles":["<MiniButton />"],"failureMessages":[],"fullName":"<MiniButton /> calls an onClick handler if passed in as a prop","location":null,"status":"passed","title":"calls an onClick handler if passed in as a prop"},{"ancestorTitles":["<MiniButton />"],"failureMessages":[],"fullName":"<MiniButton /> does not call the function if the button is disabled","location":null,"status":"passed","title":"does not call the function if the button is disabled"},{"ancestorTitles":["<MiniButton />"],"failureMessages":[],"fullName":"<MiniButton /> Changes styling via bsStyle prop","location":null,"status":"todo","title":"Changes styling via bsStyle prop"},{"ancestorTitles":["<MiniButton />"],"failureMessages":[],"fullName":"<MiniButton /> Renders an icon based on props","location":null,"status":"todo","title":"Renders an icon based on props"}],"endTime":1576122200860,"message":"","name":"/Users/josephgordy/Projects/generosity_market/stalls-ui/src/components/common/tests/MiniButton.spec.js","startTime":1576122200233,"status":"passed","summary":""}],"wasInterrupted":false}